2025-10-03 16:05:09,542 CRIT Supervisor is running as root.  Privileges were not dropped because no user is specified in the config file.  If you intend to run as root, you can set user=root in the config file to avoid this message.
2025-10-03 16:05:09,547 INFO supervisord started with pid 7
2025-10-03 16:05:10,555 INFO spawned: 'laravel-worker_00' with pid 14
2025-10-03 16:05:10,558 INFO spawned: 'laravel-worker_01' with pid 15
2025-10-03 16:05:10,563 INFO spawned: 'laravel-worker_02' with pid 16
2025-10-03 16:05:10,593 WARN exited: laravel-worker_01 (exit status 255; not expected)
2025-10-03 16:05:10,593 WARN exited: laravel-worker_02 (exit status 255; not expected)
2025-10-03 16:05:11,595 INFO success: laravel-worker_00 entered RUNNING state, process has stayed up for > than 1 seconds (startsecs)
2025-10-03 16:05:11,616 INFO spawned: 'laravel-worker_01' with pid 17
2025-10-03 16:05:11,619 INFO spawned: 'laravel-worker_02' with pid 18
2025-10-03 16:05:11,619 WARN exited: laravel-worker_00 (exit status 255; not expected)
2025-10-03 16:05:11,673 INFO spawned: 'laravel-worker_00' with pid 19
2025-10-03 16:05:11,673 WARN exited: laravel-worker_01 (exit status 255; not expected)
2025-10-03 16:05:11,673 WARN exited: laravel-worker_02 (exit status 255; not expected)
2025-10-03 16:05:12,691 INFO success: laravel-worker_00 entered RUNNING state, process has stayed up for > than 1 seconds (startsecs)
2025-10-03 16:05:12,692 WARN exited: laravel-worker_00 (exit status 255; not expected)
2025-10-03 16:05:13,701 INFO spawned: 'laravel-worker_00' with pid 26
2025-10-03 16:05:13,704 INFO spawned: 'laravel-worker_01' with pid 27
2025-10-03 16:05:13,706 INFO spawned: 'laravel-worker_02' with pid 28
2025-10-03 16:05:13,735 WARN exited: laravel-worker_01 (exit status 255; not expected)
2025-10-03 16:05:13,735 WARN exited: laravel-worker_00 (exit status 255; not expected)
2025-10-03 16:05:14,762 INFO spawned: 'laravel-worker_00' with pid 29
2025-10-03 16:05:14,763 INFO success: laravel-worker_02 entered RUNNING state, process has stayed up for > than 1 seconds (startsecs)
2025-10-03 16:05:14,763 WARN exited: laravel-worker_02 (exit status 255; not expected)
2025-10-03 16:05:14,804 INFO spawned: 'laravel-worker_02' with pid 30
2025-10-03 16:05:14,804 WARN exited: laravel-worker_00 (exit status 255; not expected)
2025-10-03 16:05:14,823 WARN exited: laravel-worker_02 (exit status 255; not expected)
2025-10-03 16:05:15,850 INFO spawned: 'laravel-worker_02' with pid 31
2025-10-03 16:05:15,877 WARN exited: laravel-worker_02 (exit status 255; not expected)
2025-10-03 16:05:16,904 INFO spawned: 'laravel-worker_00' with pid 32
2025-10-03 16:05:16,907 INFO spawned: 'laravel-worker_01' with pid 33
2025-10-03 16:05:16,933 WARN exited: laravel-worker_01 (exit status 255; not expected)
2025-10-03 16:05:16,933 INFO gave up: laravel-worker_01 entered FATAL state, too many start retries too quickly
2025-10-03 16:05:17,936 INFO success: laravel-worker_00 entered RUNNING state, process has stayed up for > than 1 seconds (startsecs)
2025-10-03 16:05:17,963 INFO spawned: 'laravel-worker_02' with pid 34
2025-10-03 16:05:17,964 WARN exited: laravel-worker_00 (exit status 255; not expected)
2025-10-03 16:05:17,998 INFO spawned: 'laravel-worker_00' with pid 35
2025-10-03 16:05:17,998 WARN exited: laravel-worker_02 (exit status 255; not expected)
2025-10-03 16:05:18,017 WARN exited: laravel-worker_00 (exit status 255; not expected)
2025-10-03 16:05:19,072 INFO spawned: 'laravel-worker_00' with pid 36
2025-10-03 16:05:20,107 INFO success: laravel-worker_00 entered RUNNING state, process has stayed up for > than 1 seconds (startsecs)
2025-10-03 16:05:20,108 WARN exited: laravel-worker_00 (exit status 255; not expected)
2025-10-03 16:05:21,118 INFO spawned: 'laravel-worker_00' with pid 38
2025-10-03 16:05:21,121 INFO spawned: 'laravel-worker_02' with pid 39
2025-10-03 16:05:21,153 WARN exited: laravel-worker_00 (exit status 255; not expected)
2025-10-03 16:05:22,209 INFO spawned: 'laravel-worker_00' with pid 40
2025-10-03 16:05:22,209 INFO success: laravel-worker_02 entered RUNNING state, process has stayed up for > than 1 seconds (startsecs)
2025-10-03 16:05:22,210 WARN exited: laravel-worker_02 (exit status 255; not expected)
2025-10-03 16:05:22,248 INFO spawned: 'laravel-worker_02' with pid 41
2025-10-03 16:05:22,249 WARN exited: laravel-worker_00 (exit status 255; not expected)
2025-10-03 16:05:22,262 WARN exited: laravel-worker_02 (exit status 255; not expected)
2025-10-03 16:05:23,292 INFO spawned: 'laravel-worker_02' with pid 42
2025-10-03 16:05:24,346 INFO spawned: 'laravel-worker_00' with pid 56
2025-10-03 16:05:24,346 INFO success: laravel-worker_02 entered RUNNING state, process has stayed up for > than 1 seconds (startsecs)
2025-10-03 16:05:24,346 WARN exited: laravel-worker_02 (exit status 255; not expected)
2025-10-03 16:05:24,364 INFO spawned: 'laravel-worker_02' with pid 58
2025-10-03 16:05:24,365 WARN exited: laravel-worker_00 (exit status 255; not expected)
2025-10-03 16:05:25,377 INFO success: laravel-worker_02 entered RUNNING state, process has stayed up for > than 1 seconds (startsecs)
2025-10-03 16:05:25,377 WARN exited: laravel-worker_02 (exit status 255; not expected)
2025-10-03 16:05:26,403 INFO spawned: 'laravel-worker_02' with pid 59
2025-10-03 16:05:27,450 INFO spawned: 'laravel-worker_00' with pid 60
2025-10-03 16:05:27,450 INFO success: laravel-worker_02 entered RUNNING state, process has stayed up for > than 1 seconds (startsecs)
2025-10-03 16:05:27,450 WARN exited: laravel-worker_02 (exit status 255; not expected)
2025-10-03 16:05:27,508 INFO spawned: 'laravel-worker_02' with pid 61
2025-10-03 16:05:27,508 WARN exited: laravel-worker_00 (exit status 255; not expected)
2025-10-03 16:05:27,509 INFO gave up: laravel-worker_00 entered FATAL state, too many start retries too quickly
2025-10-03 16:05:28,523 INFO success: laravel-worker_02 entered RUNNING state, process has stayed up for > than 1 seconds (startsecs)
2025-10-03 16:05:28,523 WARN exited: laravel-worker_02 (exit status 255; not expected)
2025-10-03 16:05:29,550 INFO spawned: 'laravel-worker_02' with pid 62
2025-10-03 16:05:30,583 INFO success: laravel-worker_02 entered RUNNING state, process has stayed up for > than 1 seconds (startsecs)
2025-10-03 16:05:30,583 WARN exited: laravel-worker_02 (exit status 255; not expected)
2025-10-03 16:05:31,609 INFO spawned: 'laravel-worker_02' with pid 71
2025-10-03 16:05:32,628 INFO success: laravel-worker_02 entered RUNNING state, process has stayed up for > than 1 seconds (startsecs)
2025-10-03 16:05:32,628 WARN exited: laravel-worker_02 (exit status 255; not expected)
2025-10-03 16:05:33,641 INFO spawned: 'laravel-worker_02' with pid 80
2025-10-03 16:05:34,656 INFO success: laravel-worker_02 entered RUNNING state, process has stayed up for > than 1 seconds (startsecs)
2025-10-03 16:05:34,656 WARN exited: laravel-worker_02 (exit status 255; not expected)
2025-10-03 16:05:35,676 INFO spawned: 'laravel-worker_02' with pid 81
2025-10-03 16:05:35,706 WARN exited: laravel-worker_02 (exit status 255; not expected)
2025-10-03 16:05:36,737 INFO spawned: 'laravel-worker_02' with pid 82
2025-10-03 16:05:37,772 INFO success: laravel-worker_02 entered RUNNING state, process has stayed up for > than 1 seconds (startsecs)
2025-10-03 16:05:37,772 WARN exited: laravel-worker_02 (exit status 255; not expected)
2025-10-03 16:05:38,812 INFO spawned: 'laravel-worker_02' with pid 83
2025-10-03 16:05:39,848 INFO success: laravel-worker_02 entered RUNNING state, process has stayed up for > than 1 seconds (startsecs)
2025-10-03 16:05:39,848 WARN exited: laravel-worker_02 (exit status 255; not expected)
2025-10-03 16:05:40,887 INFO spawned: 'laravel-worker_02' with pid 84
2025-10-03 16:05:41,916 INFO success: laravel-worker_02 entered RUNNING state, process has stayed up for > than 1 seconds (startsecs)
2025-10-03 16:05:41,916 WARN exited: laravel-worker_02 (exit status 255; not expected)
2025-10-03 16:05:42,952 INFO spawned: 'laravel-worker_02' with pid 85
2025-10-03 16:05:43,989 INFO success: laravel-worker_02 entered RUNNING state, process has stayed up for > than 1 seconds (startsecs)
2025-10-03 16:05:43,989 WARN exited: laravel-worker_02 (exit status 255; not expected)
2025-10-03 16:05:45,007 INFO spawned: 'laravel-worker_02' with pid 86
2025-10-03 16:05:46,036 INFO success: laravel-worker_02 entered RUNNING state, process has stayed up for > than 1 seconds (startsecs)
2025-10-03 16:05:46,036 WARN exited: laravel-worker_02 (exit status 255; not expected)
2025-10-03 16:05:47,095 INFO spawned: 'laravel-worker_02' with pid 87
2025-10-03 16:05:47,147 WARN exited: laravel-worker_02 (exit status 255; not expected)
2025-10-03 16:05:48,179 INFO spawned: 'laravel-worker_02' with pid 88
2025-10-03 16:05:48,210 WARN exited: laravel-worker_02 (exit status 255; not expected)
2025-10-03 16:05:50,269 INFO spawned: 'laravel-worker_02' with pid 89
2025-10-03 16:05:51,294 INFO success: laravel-worker_02 entered RUNNING state, process has stayed up for > than 1 seconds (startsecs)
2025-10-03 16:05:51,294 WARN exited: laravel-worker_02 (exit status 255; not expected)
2025-10-03 16:05:52,326 INFO spawned: 'laravel-worker_02' with pid 90
2025-10-03 16:05:53,365 INFO success: laravel-worker_02 entered RUNNING state, process has stayed up for > than 1 seconds (startsecs)
2025-10-03 16:05:53,366 WARN exited: laravel-worker_02 (exit status 255; not expected)
2025-10-03 16:05:54,403 INFO spawned: 'laravel-worker_02' with pid 91
2025-10-03 16:05:55,438 INFO success: laravel-worker_02 entered RUNNING state, process has stayed up for > than 1 seconds (startsecs)
2025-10-03 16:05:55,439 WARN exited: laravel-worker_02 (exit status 255; not expected)
2025-10-03 16:05:56,473 INFO spawned: 'laravel-worker_02' with pid 92
2025-10-03 16:05:56,502 WARN exited: laravel-worker_02 (exit status 255; not expected)
2025-10-03 16:05:57,530 INFO spawned: 'laravel-worker_02' with pid 93
2025-10-03 16:05:57,561 WARN exited: laravel-worker_02 (exit status 255; not expected)
2025-10-03 16:05:59,600 INFO spawned: 'laravel-worker_02' with pid 94
2025-10-03 16:06:00,639 INFO success: laravel-worker_02 entered RUNNING state, process has stayed up for > than 1 seconds (startsecs)
2025-10-03 16:06:00,639 WARN exited: laravel-worker_02 (exit status 255; not expected)
2025-10-03 16:06:01,672 INFO spawned: 'laravel-worker_02' with pid 100
2025-10-03 16:06:02,706 INFO success: laravel-worker_02 entered RUNNING state, process has stayed up for > than 1 seconds (startsecs)
2025-10-03 16:06:02,707 WARN exited: laravel-worker_02 (exit status 255; not expected)
2025-10-03 16:06:03,741 INFO spawned: 'laravel-worker_02' with pid 101
2025-10-03 16:06:03,772 WARN exited: laravel-worker_02 (exit status 255; not expected)
2025-10-03 16:06:04,832 INFO spawned: 'laravel-worker_02' with pid 102
2025-10-03 16:06:04,861 WARN exited: laravel-worker_02 (exit status 255; not expected)
2025-10-03 16:06:06,899 INFO spawned: 'laravel-worker_02' with pid 103
2025-10-03 16:06:07,935 INFO success: laravel-worker_02 entered RUNNING state, process has stayed up for > than 1 seconds (startsecs)
2025-10-03 16:06:07,935 WARN exited: laravel-worker_02 (exit status 255; not expected)
2025-10-03 16:06:08,992 INFO spawned: 'laravel-worker_02' with pid 104
2025-10-03 16:06:09,021 WARN exited: laravel-worker_02 (exit status 255; not expected)
2025-10-03 16:06:10,056 INFO spawned: 'laravel-worker_02' with pid 105
2025-10-03 16:06:11,088 INFO success: laravel-worker_02 entered RUNNING state, process has stayed up for > than 1 seconds (startsecs)
2025-10-03 16:06:11,089 WARN exited: laravel-worker_02 (exit status 255; not expected)
2025-10-03 16:06:12,122 INFO spawned: 'laravel-worker_02' with pid 106
2025-10-03 16:06:13,159 INFO success: laravel-worker_02 entered RUNNING state, process has stayed up for > than 1 seconds (startsecs)
2025-10-03 16:06:13,159 WARN exited: laravel-worker_02 (exit status 255; not expected)
2025-10-03 16:06:14,197 INFO spawned: 'laravel-worker_02' with pid 107
2025-10-03 16:06:14,229 WARN exited: laravel-worker_02 (exit status 255; not expected)
2025-10-03 16:06:15,254 INFO spawned: 'laravel-worker_02' with pid 108
2025-10-03 16:06:16,288 INFO success: laravel-worker_02 entered RUNNING state, process has stayed up for > than 1 seconds (startsecs)
2025-10-03 16:06:16,289 WARN exited: laravel-worker_02 (exit status 255; not expected)
2025-10-03 16:06:17,326 INFO spawned: 'laravel-worker_02' with pid 109
2025-10-03 16:06:18,358 INFO success: laravel-worker_02 entered RUNNING state, process has stayed up for > than 1 seconds (startsecs)
2025-10-03 16:06:18,359 WARN exited: laravel-worker_02 (exit status 255; not expected)
2025-10-03 16:06:19,417 INFO spawned: 'laravel-worker_02' with pid 110
2025-10-03 16:06:19,440 WARN exited: laravel-worker_02 (exit status 255; not expected)
2025-10-03 16:06:20,475 INFO spawned: 'laravel-worker_02' with pid 111
2025-10-03 16:06:20,504 WARN exited: laravel-worker_02 (exit status 255; not expected)
2025-10-03 16:06:22,519 INFO spawned: 'laravel-worker_02' with pid 112
2025-10-03 16:06:22,544 WARN exited: laravel-worker_02 (exit status 255; not expected)
2025-10-03 16:06:25,573 INFO spawned: 'laravel-worker_02' with pid 113
2025-10-03 16:06:25,598 WARN exited: laravel-worker_02 (exit status 255; not expected)
2025-10-03 16:06:26,600 INFO gave up: laravel-worker_02 entered FATAL state, too many start retries too quickly
2025-10-03 17:53:06,661 CRIT Supervisor is running as root.  Privileges were not dropped because no user is specified in the config file.  If you intend to run as root, you can set user=root in the config file to avoid this message.
2025-10-03 17:53:06,667 INFO supervisord started with pid 7
2025-10-03 17:53:07,671 INFO spawned: 'laravel-worker_00' with pid 14
2025-10-03 17:53:07,673 INFO spawned: 'laravel-worker_01' with pid 15
2025-10-03 17:53:07,674 INFO spawned: 'laravel-worker_02' with pid 16
2025-10-03 17:53:08,676 INFO success: laravel-worker_00 entered RUNNING state, process has stayed up for > than 1 seconds (startsecs)
2025-10-03 17:53:08,676 INFO success: laravel-worker_01 entered RUNNING state, process has stayed up for > than 1 seconds (startsecs)
2025-10-03 17:53:08,676 INFO success: laravel-worker_02 entered RUNNING state, process has stayed up for > than 1 seconds (startsecs)
2025-10-03 18:05:25,882 CRIT Supervisor is running as root.  Privileges were not dropped because no user is specified in the config file.  If you intend to run as root, you can set user=root in the config file to avoid this message.
2025-10-03 18:05:25,885 INFO supervisord started with pid 6
2025-10-03 18:05:26,888 INFO spawned: 'laravel-worker_00' with pid 13
2025-10-03 18:05:26,890 INFO spawned: 'laravel-worker_01' with pid 14
2025-10-03 18:05:26,891 INFO spawned: 'laravel-worker_02' with pid 15
2025-10-03 18:05:27,898 INFO success: laravel-worker_00 entered RUNNING state, process has stayed up for > than 1 seconds (startsecs)
2025-10-03 18:05:27,898 INFO success: laravel-worker_01 entered RUNNING state, process has stayed up for > than 1 seconds (startsecs)
2025-10-03 18:05:27,898 INFO success: laravel-worker_02 entered RUNNING state, process has stayed up for > than 1 seconds (startsecs)
2025-10-03 18:08:36,630 CRIT Supervisor is running as root.  Privileges were not dropped because no user is specified in the config file.  If you intend to run as root, you can set user=root in the config file to avoid this message.
2025-10-03 18:08:36,632 INFO supervisord started with pid 6
2025-10-03 18:08:37,638 INFO spawned: 'laravel-worker_00' with pid 13
2025-10-03 18:08:37,639 INFO spawned: 'laravel-worker_01' with pid 14
2025-10-03 18:08:37,640 INFO spawned: 'laravel-worker_02' with pid 15
2025-10-03 18:08:38,648 INFO success: laravel-worker_00 entered RUNNING state, process has stayed up for > than 1 seconds (startsecs)
2025-10-03 18:08:38,648 INFO success: laravel-worker_01 entered RUNNING state, process has stayed up for > than 1 seconds (startsecs)
2025-10-03 18:08:38,648 INFO success: laravel-worker_02 entered RUNNING state, process has stayed up for > than 1 seconds (startsecs)
2025-10-03 18:10:39,380 CRIT Supervisor is running as root.  Privileges were not dropped because no user is specified in the config file.  If you intend to run as root, you can set user=root in the config file to avoid this message.
2025-10-03 18:10:39,382 INFO supervisord started with pid 6
2025-10-03 18:10:40,388 INFO spawned: 'laravel-worker_00' with pid 13
2025-10-03 18:10:40,390 INFO spawned: 'laravel-worker_01' with pid 14
2025-10-03 18:10:40,391 INFO spawned: 'laravel-worker_02' with pid 15
2025-10-03 18:10:41,394 INFO success: laravel-worker_00 entered RUNNING state, process has stayed up for > than 1 seconds (startsecs)
2025-10-03 18:10:41,394 INFO success: laravel-worker_01 entered RUNNING state, process has stayed up for > than 1 seconds (startsecs)
2025-10-03 18:10:41,394 INFO success: laravel-worker_02 entered RUNNING state, process has stayed up for > than 1 seconds (startsecs)
2025-10-06 10:34:51,890 CRIT Supervisor is running as root.  Privileges were not dropped because no user is specified in the config file.  If you intend to run as root, you can set user=root in the config file to avoid this message.
2025-10-06 10:34:51,896 INFO supervisord started with pid 6
2025-10-06 10:34:52,900 INFO spawned: 'laravel-worker_00' with pid 13
2025-10-06 10:34:52,901 INFO spawned: 'laravel-worker_01' with pid 14
2025-10-06 10:34:52,903 INFO spawned: 'laravel-worker_02' with pid 15
2025-10-06 10:34:53,920 INFO success: laravel-worker_00 entered RUNNING state, process has stayed up for > than 1 seconds (startsecs)
2025-10-06 10:34:53,923 INFO success: laravel-worker_01 entered RUNNING state, process has stayed up for > than 1 seconds (startsecs)
2025-10-06 10:34:53,923 INFO success: laravel-worker_02 entered RUNNING state, process has stayed up for > than 1 seconds (startsecs)
2025-10-06 10:38:09,314 CRIT Supervisor is running as root.  Privileges were not dropped because no user is specified in the config file.  If you intend to run as root, you can set user=root in the config file to avoid this message.
2025-10-06 10:38:09,319 INFO supervisord started with pid 7
2025-10-06 10:38:10,325 INFO spawned: 'laravel-worker_00' with pid 14
2025-10-06 10:38:10,330 INFO spawned: 'laravel-worker_01' with pid 15
2025-10-06 10:38:10,333 INFO spawned: 'laravel-worker_02' with pid 16
2025-10-06 10:38:11,338 INFO success: laravel-worker_00 entered RUNNING state, process has stayed up for > than 1 seconds (startsecs)
2025-10-06 10:38:11,339 INFO success: laravel-worker_01 entered RUNNING state, process has stayed up for > than 1 seconds (startsecs)
2025-10-06 10:38:11,339 INFO success: laravel-worker_02 entered RUNNING state, process has stayed up for > than 1 seconds (startsecs)
2025-10-06 10:42:47,577 CRIT Supervisor is running as root.  Privileges were not dropped because no user is specified in the config file.  If you intend to run as root, you can set user=root in the config file to avoid this message.
2025-10-06 10:42:47,583 INFO supervisord started with pid 7
2025-10-06 10:42:48,588 INFO spawned: 'laravel-worker_00' with pid 14
2025-10-06 10:42:48,590 INFO spawned: 'laravel-worker_01' with pid 15
2025-10-06 10:42:48,592 INFO spawned: 'laravel-worker_02' with pid 16
2025-10-06 10:42:49,595 INFO success: laravel-worker_00 entered RUNNING state, process has stayed up for > than 1 seconds (startsecs)
2025-10-06 10:42:49,595 INFO success: laravel-worker_01 entered RUNNING state, process has stayed up for > than 1 seconds (startsecs)
2025-10-06 10:42:49,595 INFO success: laravel-worker_02 entered RUNNING state, process has stayed up for > than 1 seconds (startsecs)
2025-10-06 10:45:35,209 CRIT Supervisor is running as root.  Privileges were not dropped because no user is specified in the config file.  If you intend to run as root, you can set user=root in the config file to avoid this message.
2025-10-06 10:45:35,211 INFO supervisord started with pid 7
2025-10-06 10:45:36,218 INFO spawned: 'laravel-worker_00' with pid 14
2025-10-06 10:45:36,222 INFO spawned: 'laravel-worker_01' with pid 15
2025-10-06 10:45:36,225 INFO spawned: 'laravel-worker_02' with pid 16
2025-10-06 10:45:37,228 INFO success: laravel-worker_00 entered RUNNING state, process has stayed up for > than 1 seconds (startsecs)
2025-10-06 10:45:37,229 INFO success: laravel-worker_01 entered RUNNING state, process has stayed up for > than 1 seconds (startsecs)
2025-10-06 10:45:37,229 INFO success: laravel-worker_02 entered RUNNING state, process has stayed up for > than 1 seconds (startsecs)
2025-10-06 10:48:35,026 CRIT Supervisor is running as root.  Privileges were not dropped because no user is specified in the config file.  If you intend to run as root, you can set user=root in the config file to avoid this message.
2025-10-06 10:48:35,027 INFO supervisord started with pid 7
2025-10-06 10:48:36,097 INFO spawned: 'laravel-worker_00' with pid 14
2025-10-06 10:48:36,113 INFO spawned: 'laravel-worker_01' with pid 15
2025-10-06 10:48:36,130 INFO spawned: 'laravel-worker_02' with pid 16
2025-10-06 10:48:37,142 INFO success: laravel-worker_00 entered RUNNING state, process has stayed up for > than 1 seconds (startsecs)
2025-10-06 10:48:37,143 INFO success: laravel-worker_01 entered RUNNING state, process has stayed up for > than 1 seconds (startsecs)
2025-10-06 10:48:37,143 INFO success: laravel-worker_02 entered RUNNING state, process has stayed up for > than 1 seconds (startsecs)
2025-10-06 11:31:40,815 CRIT Supervisor is running as root.  Privileges were not dropped because no user is specified in the config file.  If you intend to run as root, you can set user=root in the config file to avoid this message.
2025-10-06 11:31:40,817 INFO supervisord started with pid 7
2025-10-06 11:31:41,826 INFO spawned: 'laravel-worker_00' with pid 14
2025-10-06 11:31:41,830 INFO spawned: 'laravel-worker_01' with pid 15
2025-10-06 11:31:41,833 INFO spawned: 'laravel-worker_02' with pid 16
2025-10-06 11:31:42,835 INFO success: laravel-worker_00 entered RUNNING state, process has stayed up for > than 1 seconds (startsecs)
2025-10-06 11:31:42,836 INFO success: laravel-worker_01 entered RUNNING state, process has stayed up for > than 1 seconds (startsecs)
2025-10-06 11:31:42,836 INFO success: laravel-worker_02 entered RUNNING state, process has stayed up for > than 1 seconds (startsecs)
2025-10-06 11:47:50,007 CRIT Supervisor is running as root.  Privileges were not dropped because no user is specified in the config file.  If you intend to run as root, you can set user=root in the config file to avoid this message.
2025-10-06 11:47:50,010 INFO supervisord started with pid 7
2025-10-06 11:47:51,021 INFO spawned: 'laravel-worker_00' with pid 14
2025-10-06 11:47:51,024 INFO spawned: 'laravel-worker_01' with pid 15
2025-10-06 11:47:51,027 INFO spawned: 'laravel-worker_02' with pid 16
2025-10-06 11:47:52,031 INFO success: laravel-worker_00 entered RUNNING state, process has stayed up for > than 1 seconds (startsecs)
2025-10-06 11:47:52,032 INFO success: laravel-worker_01 entered RUNNING state, process has stayed up for > than 1 seconds (startsecs)
2025-10-06 11:47:52,032 INFO success: laravel-worker_02 entered RUNNING state, process has stayed up for > than 1 seconds (startsecs)
2025-10-06 11:50:38,616 CRIT Supervisor is running as root.  Privileges were not dropped because no user is specified in the config file.  If you intend to run as root, you can set user=root in the config file to avoid this message.
2025-10-06 11:50:38,618 INFO supervisord started with pid 7
2025-10-06 11:50:39,627 INFO spawned: 'laravel-worker_00' with pid 14
2025-10-06 11:50:39,632 INFO spawned: 'laravel-worker_01' with pid 15
2025-10-06 11:50:39,636 INFO spawned: 'laravel-worker_02' with pid 16
2025-10-06 11:50:40,641 INFO success: laravel-worker_00 entered RUNNING state, process has stayed up for > than 1 seconds (startsecs)
2025-10-06 11:50:40,641 INFO success: laravel-worker_01 entered RUNNING state, process has stayed up for > than 1 seconds (startsecs)
2025-10-06 11:50:40,642 INFO success: laravel-worker_02 entered RUNNING state, process has stayed up for > than 1 seconds (startsecs)
2025-10-06 12:07:49,685 CRIT Supervisor is running as root.  Privileges were not dropped because no user is specified in the config file.  If you intend to run as root, you can set user=root in the config file to avoid this message.
2025-10-06 12:07:49,687 INFO supervisord started with pid 7
2025-10-06 12:07:50,697 INFO spawned: 'laravel-worker_00' with pid 14
2025-10-06 12:07:50,700 INFO spawned: 'laravel-worker_01' with pid 15
2025-10-06 12:07:50,702 INFO spawned: 'laravel-worker_02' with pid 16
2025-10-06 12:07:51,706 INFO success: laravel-worker_00 entered RUNNING state, process has stayed up for > than 1 seconds (startsecs)
2025-10-06 12:07:51,707 INFO success: laravel-worker_01 entered RUNNING state, process has stayed up for > than 1 seconds (startsecs)
2025-10-06 12:07:51,707 INFO success: laravel-worker_02 entered RUNNING state, process has stayed up for > than 1 seconds (startsecs)
2025-10-06 14:58:06,978 CRIT Supervisor is running as root.  Privileges were not dropped because no user is specified in the config file.  If you intend to run as root, you can set user=root in the config file to avoid this message.
2025-10-06 14:58:06,981 INFO supervisord started with pid 7
2025-10-06 14:58:07,991 INFO spawned: 'laravel-worker_00' with pid 14
2025-10-06 14:58:07,997 INFO spawned: 'laravel-worker_01' with pid 15
2025-10-06 14:58:08,002 INFO spawned: 'laravel-worker_02' with pid 16
2025-10-06 14:58:09,010 INFO success: laravel-worker_00 entered RUNNING state, process has stayed up for > than 1 seconds (startsecs)
2025-10-06 14:58:09,011 INFO success: laravel-worker_01 entered RUNNING state, process has stayed up for > than 1 seconds (startsecs)
2025-10-06 14:58:09,011 INFO success: laravel-worker_02 entered RUNNING state, process has stayed up for > than 1 seconds (startsecs)
2025-10-06 15:14:10,129 CRIT Supervisor is running as root.  Privileges were not dropped because no user is specified in the config file.  If you intend to run as root, you can set user=root in the config file to avoid this message.
2025-10-06 15:14:10,133 INFO supervisord started with pid 7
2025-10-06 15:14:11,140 INFO spawned: 'laravel-worker_00' with pid 14
2025-10-06 15:14:11,144 INFO spawned: 'laravel-worker_01' with pid 15
2025-10-06 15:14:11,148 INFO spawned: 'laravel-worker_02' with pid 16
2025-10-06 15:14:12,155 INFO success: laravel-worker_00 entered RUNNING state, process has stayed up for > than 1 seconds (startsecs)
2025-10-06 15:14:12,155 INFO success: laravel-worker_01 entered RUNNING state, process has stayed up for > than 1 seconds (startsecs)
2025-10-06 15:14:12,155 INFO success: laravel-worker_02 entered RUNNING state, process has stayed up for > than 1 seconds (startsecs)
2025-10-06 15:23:50,170 CRIT Supervisor is running as root.  Privileges were not dropped because no user is specified in the config file.  If you intend to run as root, you can set user=root in the config file to avoid this message.
2025-10-06 15:23:50,175 INFO supervisord started with pid 7
2025-10-06 15:23:51,184 INFO spawned: 'laravel-worker_00' with pid 14
2025-10-06 15:23:51,188 INFO spawned: 'laravel-worker_01' with pid 15
2025-10-06 15:23:51,193 INFO spawned: 'laravel-worker_02' with pid 16
2025-10-06 15:23:52,197 INFO success: laravel-worker_00 entered RUNNING state, process has stayed up for > than 1 seconds (startsecs)
2025-10-06 15:23:52,197 INFO success: laravel-worker_01 entered RUNNING state, process has stayed up for > than 1 seconds (startsecs)
2025-10-06 15:23:52,197 INFO success: laravel-worker_02 entered RUNNING state, process has stayed up for > than 1 seconds (startsecs)
2025-10-06 15:27:02,747 CRIT Supervisor is running as root.  Privileges were not dropped because no user is specified in the config file.  If you intend to run as root, you can set user=root in the config file to avoid this message.
2025-10-06 15:27:02,751 INFO supervisord started with pid 7
2025-10-06 15:27:03,759 INFO spawned: 'laravel-worker_00' with pid 14
2025-10-06 15:27:03,762 INFO spawned: 'laravel-worker_01' with pid 15
2025-10-06 15:27:03,765 INFO spawned: 'laravel-worker_02' with pid 16
2025-10-06 15:27:04,770 INFO success: laravel-worker_00 entered RUNNING state, process has stayed up for > than 1 seconds (startsecs)
2025-10-06 15:27:04,770 INFO success: laravel-worker_01 entered RUNNING state, process has stayed up for > than 1 seconds (startsecs)
2025-10-06 15:27:04,771 INFO success: laravel-worker_02 entered RUNNING state, process has stayed up for > than 1 seconds (startsecs)
2025-10-06 15:47:58,479 CRIT Supervisor is running as root.  Privileges were not dropped because no user is specified in the config file.  If you intend to run as root, you can set user=root in the config file to avoid this message.
2025-10-06 15:47:58,485 INFO supervisord started with pid 7
2025-10-06 15:47:59,490 INFO spawned: 'laravel-worker_00' with pid 14
2025-10-06 15:47:59,494 INFO spawned: 'laravel-worker_01' with pid 15
2025-10-06 15:47:59,498 INFO spawned: 'laravel-worker_02' with pid 16
2025-10-06 15:48:00,502 INFO success: laravel-worker_00 entered RUNNING state, process has stayed up for > than 1 seconds (startsecs)
2025-10-06 15:48:00,503 INFO success: laravel-worker_01 entered RUNNING state, process has stayed up for > than 1 seconds (startsecs)
2025-10-06 15:48:00,503 INFO success: laravel-worker_02 entered RUNNING state, process has stayed up for > than 1 seconds (startsecs)
2025-10-06 16:01:38,939 CRIT Supervisor is running as root.  Privileges were not dropped because no user is specified in the config file.  If you intend to run as root, you can set user=root in the config file to avoid this message.
2025-10-06 16:01:38,944 INFO supervisord started with pid 6
2025-10-06 16:01:39,956 INFO spawned: 'laravel-worker_00' with pid 13
2025-10-06 16:01:39,960 INFO spawned: 'laravel-worker_01' with pid 14
2025-10-06 16:01:39,963 INFO spawned: 'laravel-worker_02' with pid 15
2025-10-06 16:01:40,971 INFO success: laravel-worker_00 entered RUNNING state, process has stayed up for > than 1 seconds (startsecs)
2025-10-06 16:01:40,972 INFO success: laravel-worker_01 entered RUNNING state, process has stayed up for > than 1 seconds (startsecs)
2025-10-06 16:01:40,972 INFO success: laravel-worker_02 entered RUNNING state, process has stayed up for > than 1 seconds (startsecs)
2025-10-06 16:58:05,313 CRIT Supervisor is running as root.  Privileges were not dropped because no user is specified in the config file.  If you intend to run as root, you can set user=root in the config file to avoid this message.
2025-10-06 16:58:05,318 INFO supervisord started with pid 7
2025-10-06 16:58:06,329 INFO spawned: 'laravel-worker_00' with pid 14
2025-10-06 16:58:06,334 INFO spawned: 'laravel-worker_01' with pid 15
2025-10-06 16:58:06,338 INFO spawned: 'laravel-worker_02' with pid 16
2025-10-06 16:58:07,342 INFO success: laravel-worker_00 entered RUNNING state, process has stayed up for > than 1 seconds (startsecs)
2025-10-06 16:58:07,343 INFO success: laravel-worker_01 entered RUNNING state, process has stayed up for > than 1 seconds (startsecs)
2025-10-06 16:58:07,343 INFO success: laravel-worker_02 entered RUNNING state, process has stayed up for > than 1 seconds (startsecs)
2025-10-06 16:58:39,583 CRIT Supervisor is running as root.  Privileges were not dropped because no user is specified in the config file.  If you intend to run as root, you can set user=root in the config file to avoid this message.
2025-10-06 16:58:39,588 INFO supervisord started with pid 7
2025-10-06 16:58:40,599 INFO spawned: 'laravel-worker_00' with pid 14
2025-10-06 16:58:40,602 INFO spawned: 'laravel-worker_01' with pid 15
2025-10-06 16:58:40,605 INFO spawned: 'laravel-worker_02' with pid 16
2025-10-06 16:58:41,610 INFO success: laravel-worker_00 entered RUNNING state, process has stayed up for > than 1 seconds (startsecs)
2025-10-06 16:58:41,611 INFO success: laravel-worker_01 entered RUNNING state, process has stayed up for > than 1 seconds (startsecs)
2025-10-06 16:58:41,611 INFO success: laravel-worker_02 entered RUNNING state, process has stayed up for > than 1 seconds (startsecs)
2025-10-06 17:02:16,152 CRIT Supervisor is running as root.  Privileges were not dropped because no user is specified in the config file.  If you intend to run as root, you can set user=root in the config file to avoid this message.
2025-10-06 17:02:16,156 INFO supervisord started with pid 7
2025-10-06 17:02:17,164 INFO spawned: 'laravel-worker_00' with pid 14
2025-10-06 17:02:17,169 INFO spawned: 'laravel-worker_01' with pid 15
2025-10-06 17:02:17,176 INFO spawned: 'laravel-worker_02' with pid 16
2025-10-06 17:02:18,182 INFO success: laravel-worker_00 entered RUNNING state, process has stayed up for > than 1 seconds (startsecs)
2025-10-06 17:02:18,182 INFO success: laravel-worker_01 entered RUNNING state, process has stayed up for > than 1 seconds (startsecs)
2025-10-06 17:02:18,183 INFO success: laravel-worker_02 entered RUNNING state, process has stayed up for > than 1 seconds (startsecs)
2025-10-06 17:04:28,873 CRIT Supervisor is running as root.  Privileges were not dropped because no user is specified in the config file.  If you intend to run as root, you can set user=root in the config file to avoid this message.
2025-10-06 17:04:28,875 INFO supervisord started with pid 6
2025-10-06 17:04:29,885 INFO spawned: 'laravel-worker_00' with pid 13
2025-10-06 17:04:29,889 INFO spawned: 'laravel-worker_01' with pid 14
2025-10-06 17:04:29,892 INFO spawned: 'laravel-worker_02' with pid 15
2025-10-06 17:04:30,899 INFO success: laravel-worker_00 entered RUNNING state, process has stayed up for > than 1 seconds (startsecs)
2025-10-06 17:04:30,900 INFO success: laravel-worker_01 entered RUNNING state, process has stayed up for > than 1 seconds (startsecs)
2025-10-06 17:04:30,900 INFO success: laravel-worker_02 entered RUNNING state, process has stayed up for > than 1 seconds (startsecs)
2025-10-06 17:38:01,246 CRIT Supervisor is running as root.  Privileges were not dropped because no user is specified in the config file.  If you intend to run as root, you can set user=root in the config file to avoid this message.
2025-10-06 17:38:01,252 INFO supervisord started with pid 8
2025-10-06 17:38:02,258 INFO spawned: 'laravel-worker_00' with pid 15
2025-10-06 17:38:02,261 INFO spawned: 'laravel-worker_01' with pid 16
2025-10-06 17:38:02,264 INFO spawned: 'laravel-worker_02' with pid 17
2025-10-06 17:38:03,266 INFO success: laravel-worker_00 entered RUNNING state, process has stayed up for > than 1 seconds (startsecs)
2025-10-06 17:38:03,266 INFO success: laravel-worker_01 entered RUNNING state, process has stayed up for > than 1 seconds (startsecs)
2025-10-06 17:38:03,266 INFO success: laravel-worker_02 entered RUNNING state, process has stayed up for > than 1 seconds (startsecs)
2025-10-06 17:41:32,864 CRIT Supervisor is running as root.  Privileges were not dropped because no user is specified in the config file.  If you intend to run as root, you can set user=root in the config file to avoid this message.
2025-10-06 17:41:32,868 INFO supervisord started with pid 6
2025-10-06 17:41:33,876 INFO spawned: 'laravel-worker_00' with pid 13
2025-10-06 17:41:33,880 INFO spawned: 'laravel-worker_01' with pid 14
2025-10-06 17:41:33,883 INFO spawned: 'laravel-worker_02' with pid 15
2025-10-06 17:41:34,889 INFO success: laravel-worker_00 entered RUNNING state, process has stayed up for > than 1 seconds (startsecs)
2025-10-06 17:41:34,890 INFO success: laravel-worker_01 entered RUNNING state, process has stayed up for > than 1 seconds (startsecs)
2025-10-06 17:41:34,890 INFO success: laravel-worker_02 entered RUNNING state, process has stayed up for > than 1 seconds (startsecs)
2025-10-06 17:50:44,904 CRIT Supervisor is running as root.  Privileges were not dropped because no user is specified in the config file.  If you intend to run as root, you can set user=root in the config file to avoid this message.
2025-10-06 17:50:44,911 INFO supervisord started with pid 7
2025-10-06 17:50:45,913 INFO spawned: 'laravel-worker_00' with pid 14
2025-10-06 17:50:45,913 INFO spawned: 'laravel-worker_01' with pid 15
2025-10-06 17:50:45,914 INFO spawned: 'laravel-worker_02' with pid 16
2025-10-06 17:50:46,916 INFO success: laravel-worker_00 entered RUNNING state, process has stayed up for > than 1 seconds (startsecs)
2025-10-06 17:50:46,916 INFO success: laravel-worker_01 entered RUNNING state, process has stayed up for > than 1 seconds (startsecs)
2025-10-06 17:50:46,916 INFO success: laravel-worker_02 entered RUNNING state, process has stayed up for > than 1 seconds (startsecs)
2025-10-06 17:54:10,831 CRIT Supervisor is running as root.  Privileges were not dropped because no user is specified in the config file.  If you intend to run as root, you can set user=root in the config file to avoid this message.
2025-10-06 17:54:10,835 INFO supervisord started with pid 7
2025-10-06 17:54:11,838 INFO spawned: 'laravel-worker_00' with pid 14
2025-10-06 17:54:11,839 INFO spawned: 'laravel-worker_01' with pid 15
2025-10-06 17:54:11,841 INFO spawned: 'laravel-worker_02' with pid 16
2025-10-06 17:54:12,848 INFO success: laravel-worker_00 entered RUNNING state, process has stayed up for > than 1 seconds (startsecs)
2025-10-06 17:54:12,848 INFO success: laravel-worker_01 entered RUNNING state, process has stayed up for > than 1 seconds (startsecs)
2025-10-06 17:54:12,848 INFO success: laravel-worker_02 entered RUNNING state, process has stayed up for > than 1 seconds (startsecs)
2025-10-06 17:56:02,423 CRIT Supervisor is running as root.  Privileges were not dropped because no user is specified in the config file.  If you intend to run as root, you can set user=root in the config file to avoid this message.
2025-10-06 17:56:02,425 INFO supervisord started with pid 7
2025-10-06 17:56:03,431 INFO spawned: 'laravel-worker_00' with pid 14
2025-10-06 17:56:03,434 INFO spawned: 'laravel-worker_01' with pid 15
2025-10-06 17:56:03,436 INFO spawned: 'laravel-worker_02' with pid 16
2025-10-06 17:56:04,441 INFO success: laravel-worker_00 entered RUNNING state, process has stayed up for > than 1 seconds (startsecs)
2025-10-06 17:56:04,442 INFO success: laravel-worker_01 entered RUNNING state, process has stayed up for > than 1 seconds (startsecs)
2025-10-06 17:56:04,442 INFO success: laravel-worker_02 entered RUNNING state, process has stayed up for > than 1 seconds (startsecs)
2025-10-06 17:57:08,935 CRIT Supervisor is running as root.  Privileges were not dropped because no user is specified in the config file.  If you intend to run as root, you can set user=root in the config file to avoid this message.
2025-10-06 17:57:08,937 INFO supervisord started with pid 7
2025-10-06 17:57:09,945 INFO spawned: 'laravel-worker_00' with pid 14
2025-10-06 17:57:09,949 INFO spawned: 'laravel-worker_01' with pid 15
2025-10-06 17:57:09,952 INFO spawned: 'laravel-worker_02' with pid 16
2025-10-06 17:57:10,955 INFO success: laravel-worker_00 entered RUNNING state, process has stayed up for > than 1 seconds (startsecs)
2025-10-06 17:57:10,955 INFO success: laravel-worker_01 entered RUNNING state, process has stayed up for > than 1 seconds (startsecs)
2025-10-06 17:57:10,955 INFO success: laravel-worker_02 entered RUNNING state, process has stayed up for > than 1 seconds (startsecs)
2025-10-06 18:01:25,162 CRIT Supervisor is running as root.  Privileges were not dropped because no user is specified in the config file.  If you intend to run as root, you can set user=root in the config file to avoid this message.
2025-10-06 18:01:25,164 INFO supervisord started with pid 7
2025-10-06 18:01:26,173 INFO spawned: 'laravel-worker_00' with pid 14
2025-10-06 18:01:26,177 INFO spawned: 'laravel-worker_01' with pid 15
2025-10-06 18:01:26,180 INFO spawned: 'laravel-worker_02' with pid 16
2025-10-06 18:01:27,184 INFO success: laravel-worker_00 entered RUNNING state, process has stayed up for > than 1 seconds (startsecs)
2025-10-06 18:01:27,184 INFO success: laravel-worker_01 entered RUNNING state, process has stayed up for > than 1 seconds (startsecs)
2025-10-06 18:01:27,185 INFO success: laravel-worker_02 entered RUNNING state, process has stayed up for > than 1 seconds (startsecs)
2025-10-06 18:11:16,079 CRIT Supervisor is running as root.  Privileges were not dropped because no user is specified in the config file.  If you intend to run as root, you can set user=root in the config file to avoid this message.
2025-10-06 18:11:16,085 INFO supervisord started with pid 7
2025-10-06 18:11:17,092 INFO spawned: 'laravel-worker_00' with pid 14
2025-10-06 18:11:17,097 INFO spawned: 'laravel-worker_01' with pid 15
2025-10-06 18:11:17,100 INFO spawned: 'laravel-worker_02' with pid 16
2025-10-06 18:11:18,106 INFO success: laravel-worker_00 entered RUNNING state, process has stayed up for > than 1 seconds (startsecs)
2025-10-06 18:11:18,108 INFO success: laravel-worker_01 entered RUNNING state, process has stayed up for > than 1 seconds (startsecs)
2025-10-06 18:11:18,108 INFO success: laravel-worker_02 entered RUNNING state, process has stayed up for > than 1 seconds (startsecs)
2025-10-07 10:21:04,316 CRIT Supervisor is running as root.  Privileges were not dropped because no user is specified in the config file.  If you intend to run as root, you can set user=root in the config file to avoid this message.
2025-10-07 10:21:04,321 INFO supervisord started with pid 8
2025-10-07 10:21:05,327 INFO spawned: 'laravel-worker_00' with pid 15
2025-10-07 10:21:05,331 INFO spawned: 'laravel-worker_01' with pid 16
2025-10-07 10:21:05,336 INFO spawned: 'laravel-worker_02' with pid 17
2025-10-07 10:21:06,342 INFO success: laravel-worker_00 entered RUNNING state, process has stayed up for > than 1 seconds (startsecs)
2025-10-07 10:21:06,343 INFO success: laravel-worker_01 entered RUNNING state, process has stayed up for > than 1 seconds (startsecs)
2025-10-07 10:21:06,343 INFO success: laravel-worker_02 entered RUNNING state, process has stayed up for > than 1 seconds (startsecs)
